
> vibe-generated-app@1.0.0 dev
> vite


  VITE v5.4.20  ready in 222 ms

  ➜  Local:   http://localhost:3000/
  ➜  Network: http://172.20.4.203:3000/
4:01:49 AM [vite] Pre-transform error: Failed to resolve import "gsap" from "src/components/FeaturedProjects.jsx". Does the file exist?
4:01:49 AM [vite] Pre-transform error: Failed to resolve import "gsap" from "src/components/WhatWeBuild.jsx". Does the file exist?
4:01:49 AM [vite] Pre-transform error: Failed to resolve import "gsap" from "src/components/Process.jsx". Does the file exist?
4:01:49 AM [vite] Pre-transform error: Failed to resolve import "react-hook-form" from "src/components/Contact.jsx". Does the file exist?
4:01:50 AM [vite] Internal server error: Failed to resolve import "gsap" from "src/components/WhatWeBuild.jsx". Does the file exist?
  Plugin: vite:import-analysis
  File: /home/workspace/src/components/WhatWeBuild.jsx:3:17
  2  |  import React, { useEffect, useRef } from "react";
  3  |  import { Rocket, Code, Palette, Search, Bot, Cog } from "lucide-react";
  4  |  import gsap from "gsap";
     |                    ^
  5  |  import { ScrollTrigger } from "gsap/ScrollTrigger";
  6  |  import { Tilt } from "./Tilt";
      at TransformPluginContext._formatError (file:///home/workspace/node_modules/vite/dist/node/chunks/dep-D_zLpgQd.js:49258:41)
      at TransformPluginContext.error (file:///home/workspace/node_modules/vite/dist/node/chunks/dep-D_zLpgQd.js:49253:16)
      at normalizeUrl (file:///home/workspace/node_modules/vite/dist/node/chunks/dep-D_zLpgQd.js:64306:23)
      at process.processTicksAndRejections (node:internal/process/task_queues:105:5)
      at async file:///home/workspace/node_modules/vite/dist/node/chunks/dep-D_zLpgQd.js:64438:39
      at async Promise.all (index 3)
      at async TransformPluginContext.transform (file:///home/workspace/node_modules/vite/dist/node/chunks/dep-D_zLpgQd.js:64365:7)
      at async PluginContainer.transform (file:///home/workspace/node_modules/vite/dist/node/chunks/dep-D_zLpgQd.js:49099:18)
      at async loadAndTransform (file:///home/workspace/node_modules/vite/dist/node/chunks/dep-D_zLpgQd.js:51977:27)
      at async viteTransformMiddleware (file:///home/workspace/node_modules/vite/dist/node/chunks/dep-D_zLpgQd.js:62105:24)
4:01:50 AM [vite] Internal server error: Failed to resolve import "gsap" from "src/components/FeaturedProjects.jsx". Does the file exist?
  Plugin: vite:import-analysis
  File: /home/workspace/src/components/FeaturedProjects.jsx:3:17
  2  |  import React, { useEffect, useRef } from "react";
  3  |  import { Tilt } from "./Tilt";
  4  |  import gsap from "gsap";
     |                    ^
  5  |  import { ScrollTrigger } from "gsap/ScrollTrigger";
  6  |  gsap.registerPlugin(ScrollTrigger);
      at TransformPluginContext._formatError (file:///home/workspace/node_modules/vite/dist/node/chunks/dep-D_zLpgQd.js:49258:41)
      at TransformPluginContext.error (file:///home/workspace/node_modules/vite/dist/node/chunks/dep-D_zLpgQd.js:49253:16)
      at normalizeUrl (file:///home/workspace/node_modules/vite/dist/node/chunks/dep-D_zLpgQd.js:64306:23)
      at process.processTicksAndRejections (node:internal/process/task_queues:105:5)
      at async file:///home/workspace/node_modules/vite/dist/node/chunks/dep-D_zLpgQd.js:64438:39
      at async Promise.all (index 3)
      at async TransformPluginContext.transform (file:///home/workspace/node_modules/vite/dist/node/chunks/dep-D_zLpgQd.js:64365:7)
      at async PluginContainer.transform (file:///home/workspace/node_modules/vite/dist/node/chunks/dep-D_zLpgQd.js:49099:18)
      at async loadAndTransform (file:///home/workspace/node_modules/vite/dist/node/chunks/dep-D_zLpgQd.js:51977:27)
      at async viteTransformMiddleware (file:///home/workspace/node_modules/vite/dist/node/chunks/dep-D_zLpgQd.js:62105:24)
4:01:50 AM [vite] Internal server error: Failed to resolve import "gsap" from "src/components/Process.jsx". Does the file exist?
  Plugin: vite:import-analysis
  File: /home/workspace/src/components/Process.jsx:3:17
  2  |  import React, { useEffect, useRef } from "react";
  3  |  import { Search, Palette, Code, Rocket } from "lucide-react";
  4  |  import gsap from "gsap";
     |                    ^
  5  |  import { ScrollTrigger } from "gsap/ScrollTrigger";
  6  |  gsap.registerPlugin(ScrollTrigger);
      at TransformPluginContext._formatError (file:///home/workspace/node_modules/vite/dist/node/chunks/dep-D_zLpgQd.js:49258:41)
      at TransformPluginContext.error (file:///home/workspace/node_modules/vite/dist/node/chunks/dep-D_zLpgQd.js:49253:16)
      at normalizeUrl (file:///home/workspace/node_modules/vite/dist/node/chunks/dep-D_zLpgQd.js:64306:23)
      at process.processTicksAndRejections (node:internal/process/task_queues:105:5)
      at async file:///home/workspace/node_modules/vite/dist/node/chunks/dep-D_zLpgQd.js:64438:39
      at async Promise.all (index 3)
      at async TransformPluginContext.transform (file:///home/workspace/node_modules/vite/dist/node/chunks/dep-D_zLpgQd.js:64365:7)
      at async PluginContainer.transform (file:///home/workspace/node_modules/vite/dist/node/chunks/dep-D_zLpgQd.js:49099:18)
      at async loadAndTransform (file:///home/workspace/node_modules/vite/dist/node/chunks/dep-D_zLpgQd.js:51977:27)
      at async viteTransformMiddleware (file:///home/workspace/node_modules/vite/dist/node/chunks/dep-D_zLpgQd.js:62105:24)
4:01:50 AM [vite] Internal server error: Failed to resolve import "react-hook-form" from "src/components/Contact.jsx". Does the file exist?
  Plugin: vite:import-analysis
  File: /home/workspace/src/components/Contact.jsx:2:24
  1  |  import { jsxDEV } from "react/jsx-dev-runtime";
  2  |  import React from "react";
  3  |  import { useForm } from "react-hook-form";
     |                           ^
  4  |  import confetti from "canvas-confetti";
  5  |  export default function Contact() {
      at TransformPluginContext._formatError (file:///home/workspace/node_modules/vite/dist/node/chunks/dep-D_zLpgQd.js:49258:41)
      at TransformPluginContext.error (file:///home/workspace/node_modules/vite/dist/node/chunks/dep-D_zLpgQd.js:49253:16)
      at normalizeUrl (file:///home/workspace/node_modules/vite/dist/node/chunks/dep-D_zLpgQd.js:64306:23)
      at process.processTicksAndRejections (node:internal/process/task_queues:105:5)
      at async file:///home/workspace/node_modules/vite/dist/node/chunks/dep-D_zLpgQd.js:64438:39
      at async Promise.all (index 2)
      at async TransformPluginContext.transform (file:///home/workspace/node_modules/vite/dist/node/chunks/dep-D_zLpgQd.js:64365:7)
      at async PluginContainer.transform (file:///home/workspace/node_modules/vite/dist/node/chunks/dep-D_zLpgQd.js:49099:18)
      at async loadAndTransform (file:///home/workspace/node_modules/vite/dist/node/chunks/dep-D_zLpgQd.js:51977:27)
      at async viteTransformMiddleware (file:///home/workspace/node_modules/vite/dist/node/chunks/dep-D_zLpgQd.js:62105:24)
4:02:10 AM [vite] Internal server error: Failed to resolve import "gsap" from "src/components/FeaturedProjects.jsx". Does the file exist?
  Plugin: vite:import-analysis
  File: /home/workspace/src/components/FeaturedProjects.jsx:3:17
  2  |  import React, { useEffect, useRef } from "react";
  3  |  import { Tilt } from "./Tilt";
  4  |  import gsap from "gsap";
     |                    ^
  5  |  import { ScrollTrigger } from "gsap/ScrollTrigger";
  6  |  gsap.registerPlugin(ScrollTrigger);
      at TransformPluginContext._formatError (file:///home/workspace/node_modules/vite/dist/node/chunks/dep-D_zLpgQd.js:49258:41)
      at TransformPluginContext.error (file:///home/workspace/node_modules/vite/dist/node/chunks/dep-D_zLpgQd.js:49253:16)
      at normalizeUrl (file:///home/workspace/node_modules/vite/dist/node/chunks/dep-D_zLpgQd.js:64306:23)
      at process.processTicksAndRejections (node:internal/process/task_queues:105:5)
      at async file:///home/workspace/node_modules/vite/dist/node/chunks/dep-D_zLpgQd.js:64438:39
      at async Promise.all (index 3)
      at async TransformPluginContext.transform (file:///home/workspace/node_modules/vite/dist/node/chunks/dep-D_zLpgQd.js:64365:7)
      at async PluginContainer.transform (file:///home/workspace/node_modules/vite/dist/node/chunks/dep-D_zLpgQd.js:49099:18)
      at async loadAndTransform (file:///home/workspace/node_modules/vite/dist/node/chunks/dep-D_zLpgQd.js:51977:27)
      at async viteTransformMiddleware (file:///home/workspace/node_modules/vite/dist/node/chunks/dep-D_zLpgQd.js:62105:24)
4:02:11 AM [vite] Internal server error: Failed to resolve import "gsap" from "src/components/WhatWeBuild.jsx". Does the file exist?
  Plugin: vite:import-analysis
  File: /home/workspace/src/components/WhatWeBuild.jsx:3:17
  2  |  import React, { useEffect, useRef } from "react";
  3  |  import { Rocket, Code, Palette, Search, Bot, Cog } from "lucide-react";
  4  |  import gsap from "gsap";
     |                    ^
  5  |  import { ScrollTrigger } from "gsap/ScrollTrigger";
  6  |  import { Tilt } from "./Tilt";
      at TransformPluginContext._formatError (file:///home/workspace/node_modules/vite/dist/node/chunks/dep-D_zLpgQd.js:49258:41)
      at TransformPluginContext.error (file:///home/workspace/node_modules/vite/dist/node/chunks/dep-D_zLpgQd.js:49253:16)
      at normalizeUrl (file:///home/workspace/node_modules/vite/dist/node/chunks/dep-D_zLpgQd.js:64306:23)
      at process.processTicksAndRejections (node:internal/process/task_queues:105:5)
      at async file:///home/workspace/node_modules/vite/dist/node/chunks/dep-D_zLpgQd.js:64438:39
      at async Promise.all (index 3)
      at async TransformPluginContext.transform (file:///home/workspace/node_modules/vite/dist/node/chunks/dep-D_zLpgQd.js:64365:7)
      at async PluginContainer.transform (file:///home/workspace/node_modules/vite/dist/node/chunks/dep-D_zLpgQd.js:49099:18)
      at async loadAndTransform (file:///home/workspace/node_modules/vite/dist/node/chunks/dep-D_zLpgQd.js:51977:27)
      at async viteTransformMiddleware (file:///home/workspace/node_modules/vite/dist/node/chunks/dep-D_zLpgQd.js:62105:24)
4:02:11 AM [vite] Internal server error: Failed to resolve import "gsap" from "src/components/Process.jsx". Does the file exist?
  Plugin: vite:import-analysis
  File: /home/workspace/src/components/Process.jsx:3:17
  2  |  import React, { useEffect, useRef } from "react";
  3  |  import { Search, Palette, Code, Rocket } from "lucide-react";
  4  |  import gsap from "gsap";
     |                    ^
  5  |  import { ScrollTrigger } from "gsap/ScrollTrigger";
  6  |  gsap.registerPlugin(ScrollTrigger);
      at TransformPluginContext._formatError (file:///home/workspace/node_modules/vite/dist/node/chunks/dep-D_zLpgQd.js:49258:41)
      at TransformPluginContext.error (file:///home/workspace/node_modules/vite/dist/node/chunks/dep-D_zLpgQd.js:49253:16)
      at normalizeUrl (file:///home/workspace/node_modules/vite/dist/node/chunks/dep-D_zLpgQd.js:64306:23)
      at process.processTicksAndRejections (node:internal/process/task_queues:105:5)
      at async file:///home/workspace/node_modules/vite/dist/node/chunks/dep-D_zLpgQd.js:64438:39
      at async Promise.all (index 3)
      at async TransformPluginContext.transform (file:///home/workspace/node_modules/vite/dist/node/chunks/dep-D_zLpgQd.js:64365:7)
      at async PluginContainer.transform (file:///home/workspace/node_modules/vite/dist/node/chunks/dep-D_zLpgQd.js:49099:18)
      at async loadAndTransform (file:///home/workspace/node_modules/vite/dist/node/chunks/dep-D_zLpgQd.js:51977:27)
      at async viteTransformMiddleware (file:///home/workspace/node_modules/vite/dist/node/chunks/dep-D_zLpgQd.js:62105:24)
4:02:11 AM [vite] Internal server error: Failed to resolve import "react-hook-form" from "src/components/Contact.jsx". Does the file exist?
  Plugin: vite:import-analysis
  File: /home/workspace/src/components/Contact.jsx:2:24
  1  |  import { jsxDEV } from "react/jsx-dev-runtime";
  2  |  import React from "react";
  3  |  import { useForm } from "react-hook-form";
     |                           ^
  4  |  import confetti from "canvas-confetti";
  5  |  export default function Contact() {
      at TransformPluginContext._formatError (file:///home/workspace/node_modules/vite/dist/node/chunks/dep-D_zLpgQd.js:49258:41)
      at TransformPluginContext.error (file:///home/workspace/node_modules/vite/dist/node/chunks/dep-D_zLpgQd.js:49253:16)
      at normalizeUrl (file:///home/workspace/node_modules/vite/dist/node/chunks/dep-D_zLpgQd.js:64306:23)
      at process.processTicksAndRejections (node:internal/process/task_queues:105:5)
      at async file:///home/workspace/node_modules/vite/dist/node/chunks/dep-D_zLpgQd.js:64438:39
      at async Promise.all (index 2)
      at async TransformPluginContext.transform (file:///home/workspace/node_modules/vite/dist/node/chunks/dep-D_zLpgQd.js:64365:7)
      at async PluginContainer.transform (file:///home/workspace/node_modules/vite/dist/node/chunks/dep-D_zLpgQd.js:49099:18)
      at async loadAndTransform (file:///home/workspace/node_modules/vite/dist/node/chunks/dep-D_zLpgQd.js:51977:27)
      at async viteTransformMiddleware (file:///home/workspace/node_modules/vite/dist/node/chunks/dep-D_zLpgQd.js:62105:24)
